[debug] [2021-10-17T13:32:23.292Z] ----------------------------------------------------------------------
[debug] [2021-10-17T13:32:23.296Z] Command:       C:\Program Files\nodejs\node.exe C:\Users\user\AppData\Roaming\npm\node_modules\firebase-tools\lib\bin\firebase.js init
[debug] [2021-10-17T13:32:23.297Z] CLI Version:   9.20.0
[debug] [2021-10-17T13:32:23.297Z] Platform:      win32
[debug] [2021-10-17T13:32:23.297Z] Node Version:  v14.16.0
[debug] [2021-10-17T13:32:23.299Z] Time:          Sun Oct 17 2021 19:02:23 GMT+0530 (India Standard Time)
[debug] [2021-10-17T13:32:23.299Z] ----------------------------------------------------------------------
[debug] 
[debug] [2021-10-17T13:32:23.409Z] > command requires scopes: ["email","openid","https://www.googleapis.com/auth/cloudplatformprojects.readonly","https://www.googleapis.com/auth/firebase","https://www.googleapis.com/auth/cloud-platform"]
[debug] [2021-10-17T13:32:23.410Z] > authorizing via signed-in user (iamss072@gmail.com)
[info] 
     ######## #### ########  ######## ########     ###     ######  ########
     ##        ##  ##     ## ##       ##     ##  ##   ##  ##       ##
     ######    ##  ########  ######   ########  #########  ######  ######
     ##        ##  ##    ##  ##       ##     ## ##     ##       ## ##
     ##       #### ##     ## ######## ########  ##     ##  ######  ########

You're about to initialize a Firebase project in this directory:

  C:\Users\user\Desktop\reels-clone\Insta-reels-clone

Before we get started, keep in mind:

  * You are initializing within an existing Firebase project directory

[info] 
=== Project Setup
[info] 
[info] First, let's associate this project directory with a Firebase project.
[info] You can create multiple project aliases by running firebase use --add, 
[info] but for now we'll just set up a default project.
[info] 
[info] i  .firebaserc already has a default project, using insta-reels-d78e8. 
[debug] [2021-10-17T13:32:33.978Z] >>> [apiv2][query] GET https://firebase.googleapis.com/v1beta1/projects/insta-reels-d78e8 [none]
[debug] [2021-10-17T13:32:34.557Z] <<< [apiv2][status] GET https://firebase.googleapis.com/v1beta1/projects/insta-reels-d78e8 403
[debug] [2021-10-17T13:32:34.558Z] <<< [apiv2][body] GET https://firebase.googleapis.com/v1beta1/projects/insta-reels-d78e8 {"error":{"code":403,"message":"The caller does not have permission","status":"PERMISSION_DENIED"}}
[debug] [2021-10-17T13:32:34.561Z] HTTP Error: 403, The caller does not have permission
[debug] [2021-10-17T13:32:34.751Z] FirebaseError: HTTP Error: 403, The caller does not have permission
    at module.exports (C:\Users\user\AppData\Roaming\npm\node_modules\firebase-tools\lib\responseToError.js:38:12)
    at Client.doRequest (C:\Users\user\AppData\Roaming\npm\node_modules\firebase-tools\lib\apiv2.js:238:23)
    at processTicksAndRejections (internal/process/task_queues.js:93:5)
    at async Client.request (C:\Users\user\AppData\Roaming\npm\node_modules\firebase-tools\lib\apiv2.js:96:20)
    at async Object.getFirebaseProject (C:\Users\user\AppData\Roaming\npm\node_modules\firebase-tools\lib\management\projects.js:290:21)
    at async Object.doSetup [as project] (C:\Users\user\AppData\Roaming\npm\node_modules\firebase-tools\lib\init\features\project.js:77:27)
    at async init (C:\Users\user\AppData\Roaming\npm\node_modules\firebase-tools\lib\init\index.js:19:9)
[error] 
[error] Error: Failed to get Firebase project insta-reels-d78e8. Please make sure the project exists and your account has permission to access it.
[debug] [2021-10-17T13:34:23.806Z] ----------------------------------------------------------------------
[debug] [2021-10-17T13:34:23.814Z] Command:       C:\Program Files\nodejs\node.exe C:\Users\user\AppData\Roaming\npm\node_modules\firebase-tools\lib\bin\firebase.js deploy
[debug] [2021-10-17T13:34:23.815Z] CLI Version:   9.20.0
[debug] [2021-10-17T13:34:23.815Z] Platform:      win32
[debug] [2021-10-17T13:34:23.815Z] Node Version:  v14.16.0
[debug] [2021-10-17T13:34:23.816Z] Time:          Sun Oct 17 2021 19:04:23 GMT+0530 (India Standard Time)
[debug] [2021-10-17T13:34:23.817Z] ----------------------------------------------------------------------
[debug] 
[debug] [2021-10-17T13:34:23.943Z] > command requires scopes: ["email","openid","https://www.googleapis.com/auth/cloudplatformprojects.readonly","https://www.googleapis.com/auth/firebase","https://www.googleapis.com/auth/cloud-platform"]
[debug] [2021-10-17T13:34:23.944Z] > authorizing via signed-in user (iamss072@gmail.com)
[debug] [2021-10-17T13:34:23.944Z] [iam] checking project insta-reels-d78e8 for permissions ["firebase.projects.get","firebasehosting.sites.update"]
[debug] [2021-10-17T13:34:23.948Z] > refreshing access token with scopes: ["email","https://www.googleapis.com/auth/cloud-platform","https://www.googleapis.com/auth/cloudplatformprojects.readonly","https://www.googleapis.com/auth/firebase","openid"]
[debug] [2021-10-17T13:34:23.949Z] >>> HTTP REQUEST POST https://www.googleapis.com/oauth2/v3/token  
 <request body omitted>
[debug] [2021-10-17T13:34:24.208Z] <<< HTTP RESPONSE 200 {"cache-control":"no-cache, no-store, max-age=0, must-revalidate","date":"Sun, 17 Oct 2021 13:34:24 GMT","pragma":"no-cache","expires":"Mon, 01 Jan 1990 00:00:00 GMT","content-type":"application/json; charset=utf-8","vary":"X-Origin, Referer, Origin,Accept-Encoding","server":"scaffolding on HTTPServer2","x-xss-protection":"0","x-frame-options":"SAMEORIGIN","x-content-type-options":"nosniff","alt-svc":"h3=\":443\"; ma=2592000,h3-29=\":443\"; ma=2592000,h3-T051=\":443\"; ma=2592000,h3-Q050=\":443\"; ma=2592000,h3-Q046=\":443\"; ma=2592000,h3-Q043=\":443\"; ma=2592000,quic=\":443\"; ma=2592000; v=\"46,43\"","accept-ranges":"none","transfer-encoding":"chunked"}
[debug] [2021-10-17T13:34:24.228Z] >>> HTTP REQUEST POST https://cloudresourcemanager.googleapis.com/v1/projects/insta-reels-d78e8:testIamPermissions  
 {"permissions":["firebase.projects.get","firebasehosting.sites.update"]}
[debug] [2021-10-17T13:34:25.859Z] <<< HTTP RESPONSE 200 {"content-type":"application/json; charset=UTF-8","vary":"X-Origin, Referer, Origin,Accept-Encoding","date":"Sun, 17 Oct 2021 13:34:26 GMT","server":"ESF","cache-control":"private","x-xss-protection":"0","x-frame-options":"SAMEORIGIN","x-content-type-options":"nosniff","server-timing":"gfet4t7; dur=1443","alt-svc":"h3=\":443\"; ma=2592000,h3-29=\":443\"; ma=2592000,h3-T051=\":443\"; ma=2592000,h3-Q050=\":443\"; ma=2592000,h3-Q046=\":443\"; ma=2592000,h3-Q043=\":443\"; ma=2592000,quic=\":443\"; ma=2592000; v=\"46,43\"","accept-ranges":"none","transfer-encoding":"chunked"}
[debug] [2021-10-17T13:34:25.862Z] [iam] error while checking permissions, command may fail: FirebaseError: Authorization failed. This account is missing the following required permissions on project insta-reels-d78e8:

  firebase.projects.get
  firebasehosting.sites.update
[debug] [2021-10-17T13:34:25.868Z] > refreshing access token with scopes: []
[debug] [2021-10-17T13:34:25.870Z] >>> HTTP REQUEST POST https://www.googleapis.com/oauth2/v3/token  
 <request body omitted>
[debug] [2021-10-17T13:34:26.167Z] <<< HTTP RESPONSE 200 {"pragma":"no-cache","date":"Sun, 17 Oct 2021 13:34:26 GMT","expires":"Mon, 01 Jan 1990 00:00:00 GMT","cache-control":"no-cache, no-store, max-age=0, must-revalidate","content-type":"application/json; charset=utf-8","vary":"X-Origin, Referer, Origin,Accept-Encoding","server":"scaffolding on HTTPServer2","x-xss-protection":"0","x-frame-options":"SAMEORIGIN","x-content-type-options":"nosniff","alt-svc":"h3=\":443\"; ma=2592000,h3-29=\":443\"; ma=2592000,h3-T051=\":443\"; ma=2592000,h3-Q050=\":443\"; ma=2592000,h3-Q046=\":443\"; ma=2592000,h3-Q043=\":443\"; ma=2592000,quic=\":443\"; ma=2592000; v=\"46,43\"","accept-ranges":"none","transfer-encoding":"chunked"}
[debug] [2021-10-17T13:34:26.198Z] >>> [apiv2][query] GET https://firebase.googleapis.com/v1beta1/projects/insta-reels-d78e8 [none]
[debug] [2021-10-17T13:34:26.744Z] <<< [apiv2][status] GET https://firebase.googleapis.com/v1beta1/projects/insta-reels-d78e8 403
[debug] [2021-10-17T13:34:26.745Z] <<< [apiv2][body] GET https://firebase.googleapis.com/v1beta1/projects/insta-reels-d78e8 {"error":{"code":403,"message":"The caller does not have permission","status":"PERMISSION_DENIED"}}
[debug] [2021-10-17T13:34:26.747Z] HTTP Error: 403, The caller does not have permission
[debug] [2021-10-17T13:34:27.028Z] FirebaseError: HTTP Error: 403, The caller does not have permission
    at module.exports (C:\Users\user\AppData\Roaming\npm\node_modules\firebase-tools\lib\responseToError.js:38:12)
    at Client.doRequest (C:\Users\user\AppData\Roaming\npm\node_modules\firebase-tools\lib\apiv2.js:238:23)
    at processTicksAndRejections (internal/process/task_queues.js:93:5)
    at async Client.request (C:\Users\user\AppData\Roaming\npm\node_modules\firebase-tools\lib\apiv2.js:96:20)
    at async Object.getFirebaseProject (C:\Users\user\AppData\Roaming\npm\node_modules\firebase-tools\lib\management\projects.js:290:21)
    at async Object.getDefaultHostingSite (C:\Users\user\AppData\Roaming\npm\node_modules\firebase-tools\lib\getDefaultHostingSite.js:8:21)
    at async requireHostingSite (C:\Users\user\AppData\Roaming\npm\node_modules\firebase-tools\lib\requireHostingSite.js:9:18)
    at async Object.fn (C:\Users\user\AppData\Roaming\npm\node_modules\firebase-tools\lib\commands\deploy.js:65:9)
    at async C:\Users\user\AppData\Roaming\npm\node_modules\firebase-tools\lib\command.js:188:17
[error] 
[error] Error: Failed to get Firebase project insta-reels-d78e8. Please make sure the project exists and your account has permission to access it.
