[debug] [2021-07-27T17:45:42.742Z] ----------------------------------------------------------------------
[debug] [2021-07-27T17:45:42.748Z] Command:       C:\Program Files\nodejs\node.exe C:\Users\lenovo\AppData\Roaming\npm\node_modules\firebase-tools\lib\bin\firebase.js init
[debug] [2021-07-27T17:45:42.750Z] CLI Version:   9.16.0
[debug] [2021-07-27T17:45:42.750Z] Platform:      win32
[debug] [2021-07-27T17:45:42.750Z] Node Version:  v14.15.5
[debug] [2021-07-27T17:45:42.756Z] Time:          Tue Jul 27 2021 23:15:42 GMT+0530 (India Standard Time)
[debug] [2021-07-27T17:45:42.757Z] ----------------------------------------------------------------------
[debug] 
[debug] [2021-07-27T17:45:42.763Z] >>> [apiv2][query] GET https://firebase-public.firebaseio.com/cli.json [none]
[debug] [2021-07-27T17:45:42.918Z] > command requires scopes: ["email","openid","https://www.googleapis.com/auth/cloudplatformprojects.readonly","https://www.googleapis.com/auth/firebase","https://www.googleapis.com/auth/cloud-platform"]
[debug] [2021-07-27T17:45:42.918Z] > authorizing via signed-in user (dovekush19@gmail.com)
[info] 
     ######## #### ########  ######## ########     ###     ######  ########
     ##        ##  ##     ## ##       ##     ##  ##   ##  ##       ##
     ######    ##  ########  ######   ########  #########  ######  ######
     ##        ##  ##    ##  ##       ##     ## ##     ##       ## ##
     ##       #### ##     ## ######## ########  ##     ##  ######  ########

You're about to initialize a Firebase project in this directory:

  C:\Users\lenovo\Desktop\Insta-Reels-Clone\insta-reels

Before we get started, keep in mind:

  * You are initializing within an existing Firebase project directory

